# JRE version: Java(TM) SE Runtime Environment (7.0_45-b18) (build 1.7.0_45-b18)
# Java VM: Java HotSpot(TM) 64-Bit Server VM (24.45-b08 mixed mode linux-amd64 compressed oops)
Heap
 PSYoungGen      total 18432K, used 2323K [0x00000000ed700000, 0x00000000eec80000, 0x0000000100000000)
  eden space 14848K, 10% used [0x00000000ed700000,0x00000000ed874dc8,0x00000000ee580000)
  from space 3584K, 23% used [0x00000000ee900000,0x00000000ee9d0000,0x00000000eec80000)
  to   space 3584K, 0% used [0x00000000ee580000,0x00000000ee580000,0x00000000ee900000)
 ParOldGen       total 37888K, used 16072K [0x00000000c8600000, 0x00000000cab00000, 0x00000000ed700000)
  object space 37888K, 42% used [0x00000000c8600000,0x00000000c95b2018,0x00000000cab00000)
 PSPermGen       total 21504K, used 7856K [0x00000000c3400000, 0x00000000c4900000, 0x00000000c8600000)
  object space 21504K, 36% used [0x00000000c3400000,0x00000000c3bac3e0,0x00000000c4900000)
GC Heap History (10 events):
Event: 64,908 GC heap before
{Heap before GC invocations=18 (full 0):
 PSYoungGen      total 18944K, used 15680K [0x00000000ed700000, 0x00000000eed80000, 0x0000000100000000)
  eden space 14848K, 100% used [0x00000000ed700000,0x00000000ee580000,0x00000000ee580000)
  from space 4096K, 20% used [0x00000000ee580000,0x00000000ee650000,0x00000000ee980000)
  to   space 4096K, 0% used [0x00000000ee980000,0x00000000ee980000,0x00000000eed80000)
 ParOldGen       total 37888K, used 12918K [0x00000000c8600000, 0x00000000cab00000, 0x00000000ed700000)
  object space 37888K, 34% used [0x00000000c8600000,0x00000000c929db58,0x00000000cab00000)
 PSPermGen       total 21504K, used 7822K [0x00000000c3400000, 0x00000000c4900000, 0x00000000c8600000)
  object space 21504K, 36% used [0x00000000c3400000,0x00000000c3ba3b10,0x00000000c4900000)
Event: 64,926 GC heap after
Heap after GC invocations=18 (full 0):
 PSYoungGen      total 18944K, used 864K [0x00000000ed700000, 0x00000000eed80000, 0x0000000100000000)
  eden space 14848K, 0% used [0x00000000ed700000,0x00000000ed700000,0x00000000ee580000)
  from space 4096K, 21% used [0x00000000ee980000,0x00000000eea58000,0x00000000eed80000)
  to   space 4096K, 0% used [0x00000000ee580000,0x00000000ee580000,0x00000000ee980000)
 ParOldGen       total 37888K, used 13542K [0x00000000c8600000, 0x00000000cab00000, 0x00000000ed700000)
  object space 37888K, 35% used [0x00000000c8600000,0x00000000c9339b58,0x00000000cab00000)
 PSPermGen       total 21504K, used 7822K [0x00000000c3400000, 0x00000000c4900000, 0x00000000c8600000)
  object space 21504K, 36% used [0x00000000c3400000,0x00000000c3ba3b10,0x00000000c4900000)
}
Event: 72,619 GC heap before
{Heap before GC invocations=19 (full 0):
 PSYoungGen      total 18944K, used 15712K [0x00000000ed700000, 0x00000000eed80000, 0x0000000100000000)
  eden space 14848K, 100% used [0x00000000ed700000,0x00000000ee580000,0x00000000ee580000)
  from space 4096K, 21% used [0x00000000ee980000,0x00000000eea58000,0x00000000eed80000)
  to   space 4096K, 0% used [0x00000000ee580000,0x00000000ee580000,0x00000000ee980000)
 ParOldGen       total 37888K, used 13542K [0x00000000c8600000, 0x00000000cab00000, 0x00000000ed700000)
  object space 37888K, 35% used [0x00000000c8600000,0x00000000c9339b58,0x00000000cab00000)
 PSPermGen       total 21504K, used 7822K [0x00000000c3400000, 0x00000000c4900000, 0x00000000c8600000)
  object space 21504K, 36% used [0x00000000c3400000,0x00000000c3ba3b10,0x00000000c4900000)
Event: 72,628 GC heap after
Heap after GC invocations=19 (full 0):
 PSYoungGen      total 18944K, used 832K [0x00000000ed700000, 0x00000000eed80000, 0x0000000100000000)
  eden space 14848K, 0% used [0x00000000ed700000,0x00000000ed700000,0x00000000ee580000)
  from space 4096K, 20% used [0x00000000ee580000,0x00000000ee650000,0x00000000ee980000)
  to   space 4096K, 0% used [0x00000000ee980000,0x00000000ee980000,0x00000000eed80000)
 ParOldGen       total 37888K, used 14192K [0x00000000c8600000, 0x00000000cab00000, 0x00000000ed700000)
  object space 37888K, 37% used [0x00000000c8600000,0x00000000c93dc018,0x00000000cab00000)
 PSPermGen       total 21504K, used 7822K [0x00000000c3400000, 0x00000000c4900000, 0x00000000c8600000)
  object space 21504K, 36% used [0x00000000c3400000,0x00000000c3ba3b10,0x00000000c4900000)
}
Event: 75,483 GC heap before
{Heap before GC invocations=20 (full 0):
 PSYoungGen      total 18944K, used 15680K [0x00000000ed700000, 0x00000000eed80000, 0x0000000100000000)
  eden space 14848K, 100% used [0x00000000ed700000,0x00000000ee580000,0x00000000ee580000)
  from space 4096K, 20% used [0x00000000ee580000,0x00000000ee650000,0x00000000ee980000)
  to   space 4096K, 0% used [0x00000000ee980000,0x00000000ee980000,0x00000000eed80000)
 ParOldGen       total 37888K, used 14192K [0x00000000c8600000, 0x00000000cab00000, 0x00000000ed700000)
  object space 37888K, 37% used [0x00000000c8600000,0x00000000c93dc018,0x00000000cab00000)
 PSPermGen       total 21504K, used 7823K [0x00000000c3400000, 0x00000000c4900000, 0x00000000c8600000)
  object space 21504K, 36% used [0x00000000c3400000,0x00000000c3ba3c20,0x00000000c4900000)
Event: 75,495 GC heap after
Heap after GC invocations=20 (full 0):
 PSYoungGen      total 17920K, used 910K [0x00000000ed700000, 0x00000000eec80000, 0x0000000100000000)
  eden space 14848K, 0% used [0x00000000ed700000,0x00000000ed700000,0x00000000ee580000)
  from space 3072K, 29% used [0x00000000ee980000,0x00000000eea63890,0x00000000eec80000)
  to   space 3584K, 0% used [0x00000000ee580000,0x00000000ee580000,0x00000000ee900000)
 ParOldGen       total 37888K, used 14816K [0x00000000c8600000, 0x00000000cab00000, 0x00000000ed700000)
  object space 37888K, 39% used [0x00000000c8600000,0x00000000c9478018,0x00000000cab00000)
 PSPermGen       total 21504K, used 7823K [0x00000000c3400000, 0x00000000c4900000, 0x00000000c8600000)
  object space 21504K, 36% used [0x00000000c3400000,0x00000000c3ba3c20,0x00000000c4900000)
}
Event: 82,326 GC heap before
{Heap before GC invocations=21 (full 0):
 PSYoungGen      total 17920K, used 15758K [0x00000000ed700000, 0x00000000eec80000, 0x0000000100000000)
  eden space 14848K, 100% used [0x00000000ed700000,0x00000000ee580000,0x00000000ee580000)
  from space 3072K, 29% used [0x00000000ee980000,0x00000000eea63890,0x00000000eec80000)
  to   space 3584K, 0% used [0x00000000ee580000,0x00000000ee580000,0x00000000ee900000)
 ParOldGen       total 37888K, used 14816K [0x00000000c8600000, 0x00000000cab00000, 0x00000000ed700000)
  object space 37888K, 39% used [0x00000000c8600000,0x00000000c9478018,0x00000000cab00000)
 PSPermGen       total 21504K, used 7823K [0x00000000c3400000, 0x00000000c4900000, 0x00000000c8600000)
  object space 21504K, 36% used [0x00000000c3400000,0x00000000c3ba3f30,0x00000000c4900000)
Event: 82,336 GC heap after
Heap after GC invocations=21 (full 0):
 PSYoungGen      total 18432K, used 832K [0x00000000ed700000, 0x00000000eec80000, 0x0000000100000000)
  eden space 14848K, 0% used [0x00000000ed700000,0x00000000ed700000,0x00000000ee580000)
  from space 3584K, 23% used [0x00000000ee580000,0x00000000ee650000,0x00000000ee900000)
  to   space 3584K, 0% used [0x00000000ee900000,0x00000000ee900000,0x00000000eec80000)
 ParOldGen       total 37888K, used 15440K [0x00000000c8600000, 0x00000000cab00000, 0x00000000ed700000)
  object space 37888K, 40% used [0x00000000c8600000,0x00000000c9514018,0x00000000cab00000)
 PSPermGen       total 21504K, used 7823K [0x00000000c3400000, 0x00000000c4900000, 0x00000000c8600000)
  object space 21504K, 36% used [0x00000000c3400000,0x00000000c3ba3f30,0x00000000c4900000)
}
Event: 117,676 GC heap before
{Heap before GC invocations=22 (full 0):
 PSYoungGen      total 18432K, used 15680K [0x00000000ed700000, 0x00000000eec80000, 0x0000000100000000)
  eden space 14848K, 100% used [0x00000000ed700000,0x00000000ee580000,0x00000000ee580000)
  from space 3584K, 23% used [0x00000000ee580000,0x00000000ee650000,0x00000000ee900000)
  to   space 3584K, 0% used [0x00000000ee900000,0x00000000ee900000,0x00000000eec80000)
 ParOldGen       total 37888K, used 15440K [0x00000000c8600000, 0x00000000cab00000, 0x00000000ed700000)
  object space 37888K, 40% used [0x00000000c8600000,0x00000000c9514018,0x00000000cab00000)
 PSPermGen       total 21504K, used 7825K [0x00000000c3400000, 0x00000000c4900000, 0x00000000c8600000)
  object space 21504K, 36% used [0x00000000c3400000,0x00000000c3ba4570,0x00000000c4900000)
Event: 117,686 GC heap after
Heap after GC invocations=22 (full 0):
 PSYoungGen      total 18432K, used 832K [0x00000000ed700000, 0x00000000eec80000, 0x0000000100000000)
  eden space 14848K, 0% used [0x00000000ed700000,0x00000000ed700000,0x00000000ee580000)
  from space 3584K, 23% used [0x00000000ee900000,0x00000000ee9d0000,0x00000000eec80000)
  to   space 3584K, 0% used [0x00000000ee580000,0x00000000ee580000,0x00000000ee900000)
 ParOldGen       total 37888K, used 16072K [0x00000000c8600000, 0x00000000cab00000, 0x00000000ed700000)
  object space 37888K, 42% used [0x00000000c8600000,0x00000000c95b2018,0x00000000cab00000)
 PSPermGen       total 21504K, used 7825K [0x00000000c3400000, 0x00000000c4900000, 0x00000000c8600000)
  object space 21504K, 36% used [0x00000000c3400000,0x00000000c3ba4570,0x00000000c4900000)
}

